Alina_app/app/build/outputs/mapping/release/seeds.txt
business.silversoft.twa.LauncherActivity: LauncherActivity()
business.silversoft.twa.DelegationService
business.silversoft.twa.Application
business.silversoft.twa.DelegationService: DelegationService()
business.silversoft.twa.LauncherActivity
business.silversoft.twa.Application: Application()
...
android.support.v4.graphics.drawable.IconCompatParcelizer
com.google.androidbrowserhelper.trusted.ManageDataLauncherActivity: ManageDataLauncherActivity()
androidx.core.graphics.drawable.IconCompat: IconCompat()
android.support.v4.graphics.drawable.IconCompatParcelizer: androidx.core.graphics.drawable.IconCompat read(androidx.versionedparcelable.VersionedParcel)
androidx.core.graphics.drawable.IconCompatParcelizer
androidx.core.app.CoreComponentFactory
androidx.core.graphics.drawable.IconCompatParcelizer: void write(androidx.core.graphics.drawable.IconCompat,androidx.versionedparcelable.VersionedParcel)
android.support.v4.graphics.drawable.IconCompatParcelizer: void write(androidx.core.graphics.drawable.IconCompat,androidx.versionedparcelable.VersionedParcel)
androidx.versionedparcelable.CustomVersionedParcelable: CustomVersionedParcelable()
androidx.core.graphics.drawable.IconCompat
androidx.lifecycle.FullLifecycleObserverAdapter
androidx.core.app.CoreComponentFactory: CoreComponentFactory()
androidx.core.app.RemoteActionCompat
androidx.core.app.RemoteActionCompatParcelizer: void write(androidx.core.app.RemoteActionCompat,androidx.versionedparcelable.VersionedParcel)
androidx.annotation.Keep
androidx.core.content.FileProvider
androidx.core.graphics.drawable.IconCompatParcelizer: androidx.core.graphics.drawable.IconCompat read(androidx.versionedparcelable.VersionedParcel)
android.support.v4.app.RemoteActionCompatParcelizer: androidx.core.app.RemoteActionCompat read(androidx.versionedparcelable.VersionedParcel)
androidx.lifecycle.SingleGeneratedAdapterObserver
com.google.androidbrowserhelper.trusted.DelegationService: DelegationService()
com.google.androidbrowserhelper.trusted.NotificationPermissionRequestActivity: NotificationPermissionRequestActivity()
androidx.core.app.RemoteActionCompat: RemoteActionCompat()
androidx.browser.browseractions.BrowserActionsFallbackMenuView: BrowserActionsFallbackMenuView(android.content.Context,android.util.AttributeSet)
com.google.androidbrowserhelper.trusted.FocusActivity: FocusActivity()
androidx.core.app.RemoteActionCompatParcelizer: androidx.core.app.RemoteActionCompat read(androidx.versionedparcelable.VersionedParcel)
androidx.core.app.RemoteActionCompatParcelizer
com.google.androidbrowserhelper.trusted.ManageDataLauncherActivity
androidx.core.content.FileProvider: FileProvider()
androidx.core.graphics.drawable.IconCompatParcelizer: IconCompatParcelizer()
com.google.androidbrowserhelper.trusted.WebViewFallbackActivity
com.google.androidbrowserhelper.trusted.WebViewFallbackActivity: WebViewFallbackActivity()
com.google.androidbrowserhelper.trusted.LauncherActivity: LauncherActivity()
androidx.versionedparcelable.CustomVersionedParcelable
com.google.androidbrowserhelper.trusted.NotificationPermissionRequestActivity
android.support.v4.graphics.drawable.IconCompatParcelizer: IconCompatParcelizer()
androidx.versionedparcelable.ParcelImpl: android.os.Parcelable$Creator CREATOR
androidx.browser.browseractions.BrowserActionsFallbackMenuView
androidx.browser.trusted.TrustedWebActivityService: TrustedWebActivityService()
android.support.v4.app.RemoteActionCompatParcelizer: RemoteActionCompatParcelizer()
android.support.v4.app.RemoteActionCompatParcelizer: void write(androidx.core.app.RemoteActionCompat,androidx.versionedparcelable.VersionedParcel)
androidx.lifecycle.ReflectiveGenericLifecycleObserver
com.google.androidbrowserhelper.trusted.FocusActivity
android.support.v4.app.RemoteActionCompatParcelizer
androidx.lifecycle.CompositeGeneratedAdaptersObserver
androidx.core.app.RemoteActionCompatParcelizer: RemoteActionCompatParcelizer()
androidx.versionedparcelable.ParcelImpl