Alina_app/app/build/outputs/mapping/release/mapping.txt
# compiler: R8
# compiler_version: 2.1.86
# min_api: 19
# pg_map_id: 84615ed
# common_typos_disable
business.silversoft.twa.LauncherActivity -> business.silversoft.twa.LauncherActivity:
    android.net.Uri getLaunchingUrl() -> f
...
com.google.androidbrowserhelper.trusted.ChromeOsSupport -> com.google.androidbrowserhelper.trusted.j:
    boolean isRunningOnArc(android.content.pm.PackageManager) -> a
com.google.androidbrowserhelper.trusted.ChromeUpdatePrompt -> com.google.androidbrowserhelper.trusted.k:
    boolean chromeNeedsUpdate(android.content.pm.PackageManager,java.lang.String) -> a
    void promptIfNeeded(android.content.Context,java.lang.String) -> b
    void showToastIfResourceExists(android.content.Context,java.lang.String) -> c
com.google.androidbrowserhelper.trusted.DelegationService -> com.google.androidbrowserhelper.trusted.l:
    com.google.androidbrowserhelper.trusted.SharedPreferencesTokenStore mTokenStore -> e
    java.util.List mExtraCommandHandlers -> d
    androidx.browser.trusted.TokenStore getTokenStore() -> c
    android.os.Bundle onExtraCommand(java.lang.String,android.os.Bundle,androidx.browser.trusted.TrustedWebActivityCallbackRemote) -> f
    void registerExtraCommandHandler(com.google.androidbrowserhelper.trusted.ExtraCommandHandler) -> k
com.google.androidbrowserhelper.trusted.ExtraCommandHandler -> com.google.androidbrowserhelper.trusted.m:
    android.os.Bundle handleExtraCommand(android.content.Context,java.lang.String,android.os.Bundle,androidx.browser.trusted.TrustedWebActivityCallbackRemote) -> a
com.google.androidbrowserhelper.trusted.FocusActivity -> com.google.androidbrowserhelper.trusted.FocusActivity:
    java.lang.Boolean mActivityExistsCached -> a
    void addToIntent(android.content.Intent,android.content.Context) -> a
com.google.androidbrowserhelper.trusted.LauncherActivity -> com.google.androidbrowserhelper.trusted.n:
    androidx.browser.customtabs.CustomTabsCallback mCustomTabsCallback -> d
    boolean sChromeVersionChecked -> f
    int sLauncherActivitiesAlive -> g
    com.google.androidbrowserhelper.trusted.splashscreens.PwaWrapperSplashScreenStrategy mSplashScreenStrategy -> c
    com.google.androidbrowserhelper.trusted.TwaLauncher mTwaLauncher -> e
    com.google.androidbrowserhelper.trusted.LauncherActivityMetadata mMetadata -> a
    boolean mBrowserWasLaunched -> b
    void addShareDataIfPresent(androidx.browser.trusted.TrustedWebActivityIntentBuilder) -> a
    com.google.androidbrowserhelper.trusted.TwaLauncher createTwaLauncher() -> b
    int getColorCompat(int) -> c
    androidx.browser.trusted.TrustedWebActivityDisplayMode getDisplayMode() -> d
    com.google.androidbrowserhelper.trusted.TwaLauncher$FallbackStrategy getFallbackStrategy() -> e
    android.net.Uri getLaunchingUrl() -> f
    android.widget.ImageView$ScaleType getSplashImageScaleType() -> g
    android.graphics.Matrix getSplashImageTransformationMatrix() -> h
    void lambda$launchTwa$0() -> i
    void lambda$launchTwa$0$LauncherActivity() -> j
    void launchTwa() -> k
    boolean restartInNewTask() -> l
    boolean shouldLaunchImmediately() -> m
    boolean splashScreenNeeded() -> n
com.google.androidbrowserhelper.trusted.LauncherActivityMetadata -> com.google.androidbrowserhelper.trusted.o:
    int screenOrientation -> o
    java.lang.String fileProviderAuthority -> j
    int splashScreenFadeOutDurationMillis -> k
    int splashImageDrawableId -> h
    java.lang.String fallbackStrategyType -> m
    int splashScreenBackgroundColorId -> i
    int navigationBarDividerColorId -> f
    int navigationBarDividerColorDarkId -> g
    int navigationBarColorId -> d
    int navigationBarColorDarkId -> e
    java.lang.String shareTarget -> p
    int statusBarColorId -> b
    int statusBarColorDarkId -> c
    androidx.browser.trusted.TrustedWebActivityDisplayMode displayMode -> n
    java.lang.String defaultUrl -> a
    java.util.List additionalTrustedOrigins -> l
    androidx.browser.trusted.TrustedWebActivityDisplayMode getDisplayMode(android.os.Bundle) -> a
    int getOrientation(java.lang.String) -> b
    com.google.androidbrowserhelper.trusted.LauncherActivityMetadata parse(android.content.Context) -> c