Alina_app/app/build/outputs/mapping/release/usage.txt
business.silversoft.twa.R$layout
business.silversoft.twa.R$string
business.silversoft.twa.R$xml
business.silversoft.twa.R$integer
business.silversoft.twa.R$color
business.silversoft.twa.R$raw
business.silversoft.twa.R$attr
business.silversoft.twa.R
business.silversoft.twa.R$drawable
business.silversoft.twa.R$dimen
business.silversoft.twa.R$mipmap
business.silversoft.twa.R$styleable
business.silversoft.twa.R$bool
business.silversoft.twa.R$id
business.silversoft.twa.R$style
business.silversoft.twa.BuildConfig
...
androidx.core.view.accessibility.AccessibilityManagerCompat$TouchExplorationStateChangeListenerWrapper
androidx.versionedparcelable.ParcelField
androidx.core.content.res.ColorStateListInflaterCompat
androidx.core.content.res.GradientColorInflaterCompat
com.google.androidbrowserhelper.trusted.TwaSharedPreferencesManager:
    private static final java.lang.String PREFS_NAME
    private static final java.lang.String KEY_PROVIDER_PACKAGE
androidx.core.text.TextDirectionHeuristicsCompat$AnyStrong
androidx.concurrent.futures.CallbackToFutureAdapter$SafeFuture$1
androidx.core.view.accessibility.AccessibilityViewCommand$MoveAtGranularityArguments
com.google.androidbrowserhelper.trusted.NotificationPermissionRequestActivity:
    private static final java.lang.String TAG
    static final java.lang.String KEY_PERMISSION_STATUS
    private static final java.lang.String PERMISSION_POST_NOTIFICATIONS
    private static final int VERSION_T
    private static final java.lang.String EXTRA_NOTIFICATION_CHANNEL_NAME
    private static final java.lang.String EXTRA_MESSENGER
com.google.androidbrowserhelper.trusted.LauncherActivity:
    private static final java.lang.String TAG
    private static final java.lang.String BROWSER_WAS_LAUNCHED_KEY
    private static final java.lang.String FALLBACK_TYPE_WEBVIEW
androidx.collection.ArraySet$1
androidx.core.view.inputmethod.InputConnectionCompat$OnCommitContentListener
androidx.core.provider.FontsContractCompat$FontRequestCallback
androidx.concurrent.futures.DirectExecutor
android.support.customtabs.trusted.ITrustedWebActivityService$Default
androidx.core.os.LocaleListCompat
androidx.lifecycle.ClassesInfoCache$MethodReference
androidx.core.app.NotificationManagerCompat$SideChannelManager$ListenerRecord
androidx.core.os.LocaleListPlatformWrapper
androidx.core.graphics.TypefaceCompatBaseImpl$StyleExtractor
androidx.core.view.ViewCompat$UnhandledKeyEventManager
androidx.core.database.DatabaseUtilsCompat
androidx.core.internal.view.SupportMenuItem
androidx.core.provider.FontsContractCompat$4$9
androidx.interpolator.view.animation.FastOutLinearInInterpolator
androidx.core.view.MenuItemCompat$OnActionExpandListener
androidx.annotation.AnyRes
android.support.v4.app.INotificationSideChannel$Stub
androidx.core.app.JobIntentService$JobServiceEngineImpl
androidx.lifecycle.LifecycleRegistry$ObserverWithState
android.support.customtabs.ICustomTabsService$Stub$Proxy:
    public java.lang.String getInterfaceDescriptor()
    public boolean mayLaunchUrl(android.support.customtabs.ICustomTabsCallback,android.net.Uri,android.os.Bundle,java.util.List)
    public android.os.Bundle extraCommand(java.lang.String,android.os.Bundle)
    public boolean updateVisuals(android.support.customtabs.ICustomTabsCallback,android.os.Bundle)
    public boolean requestPostMessageChannel(android.support.customtabs.ICustomTabsCallback,android.net.Uri)
    public boolean requestPostMessageChannelWithExtras(android.support.customtabs.ICustomTabsCallback,android.net.Uri,android.os.Bundle)
    public int postMessage(android.support.customtabs.ICustomTabsCallback,java.lang.String,android.os.Bundle)
androidx.core.app.BundleCompat:
    private void <init>()
    public static android.os.IBinder getBinder(android.os.Bundle,java.lang.String)
androidx.core.graphics.drawable.TintAwareDrawable:
    public abstract void setTint(int)
    public abstract void setTintList(android.content.res.ColorStateList)
    public abstract void setTintMode(android.graphics.PorterDuff$Mode)
androidx.annotation.AnimRes
androidx.annotation.XmlRes
androidx.core.app.NavUtils
androidx.core.graphics.ColorUtils
androidx.core.graphics.TypefaceCompatBaseImpl
androidx.core.view.ViewCompat$NestedScrollType
androidx.core.view.DragStartHelper
androidx.lifecycle.Lifecycle$State
androidx.core.content.res.ResourcesCompat
com.google.androidbrowserhelper.trusted.Utils:
    public void <init>()
com.google.androidbrowserhelper.R$id
androidx.annotation.IntDef